<?xml version="1.0" encoding="UTF-8"?>
<!-- Generated by org.testng.reporters.JUnitReportReporter -->
<testsuite skipped="0" hostname="DESKTOP-NM05SVP" name="suiteB.TestB2" tests="1" failures="0" timestamp="11 Apr 2018 09:39:59 GMT" time="5.018" errors="0">
  <testcase name="testB2" time="5.018" classname="suiteB.TestB2"/>
</testsuite> <!-- suiteB.TestB2 -->
