<?xml version="1.0" encoding="UTF-8"?>
<!-- Generated by org.testng.reporters.JUnitReportReporter -->
<testsuite skipped="0" hostname="DESKTOP-NM05SVP" name="suiteA.TestA2" tests="1" failures="0" timestamp="11 Apr 2018 09:39:59 GMT" time="5.017" errors="0">
  <testcase name="testA2" time="5.017" classname="suiteA.TestA2"/>
</testsuite> <!-- suiteA.TestA2 -->
