<?xml version="1.0" encoding="UTF-8"?>
<!-- Generated by org.testng.reporters.JUnitReportReporter -->
<testsuite skipped="0" hostname="DESKTOP-NM05SVP" name="suiteA.TestA1" tests="1" failures="0" timestamp="11 Apr 2018 09:39:59 GMT" time="5.015" errors="0">
  <testcase name="testA1" time="5.015" classname="suiteA.TestA1"/>
</testsuite> <!-- suiteA.TestA1 -->
