<?xml version="1.0" encoding="UTF-8"?>
<!-- Generated by org.testng.reporters.JUnitReportReporter -->
<testsuite hostname="DESKTOP-NM05SVP" name="BasicDrivers" tests="1" failures="0" timestamp="15 Dec 2017 03:38:00 GMT" time="20.380" errors="0">
  <testcase name="launchSite" time="20.380" classname="BasicDrivers"/>
</testsuite> <!-- BasicDrivers -->
