<?xml version="1.0" encoding="UTF-8"?>
<!-- Generated by org.testng.reporters.JUnitReportReporter -->
<testsuite hostname="DESKTOP-NM05SVP" name="com.qtpselenium.rediff.hybrid.testcases.portfoliosuite.LoginTest" tests="1" failures="0" timestamp="22 Mar 2018 13:33:26 GMT" time="35.900" errors="0">
  <testcase name="loginTest" time="35.900" classname="com.qtpselenium.rediff.hybrid.testcases.portfoliosuite.LoginTest"/>
</testsuite> <!-- com.qtpselenium.rediff.hybrid.testcases.portfoliosuite.LoginTest -->
